Player 2's turn.
0, 2 is a miss!
Player 1's turn.
3, 4 is a miss!
Player 2's turn.
0, 8 is a miss!
Player 1's turn.
3, 5 is a miss!
Player 2's turn.
3, 2 is a miss!
Player 1's turn.
7, 6 is a miss!
+===================================================
|                    PLAYER STATS                   
+---------------------------------------------------
| PLAYER 1 : 0 hits                                
|            3 misses                              
|            3 total shots                         
|            0.00% hit/miss ratio                 
| PLAYER 2 : 0 hits                                
|            3 misses                              
|            3 total shots                         
|            0.00% hit/miss ratio                 
+===================================================